C51 COMPILER V9.01   MAIN                                                                  10/09/2018 20:43:46 PAGE 1   


C51 COMPILER V9.01, COMPILATION OF MODULE MAIN
OBJECT MODULE PLACED IN main.OBJ
COMPILER INVOKED BY: D:\Program Files (x86)\keil4\C51\BIN\C51.EXE main.c BROWSE DEBUG OBJECTEXTEND

line level    source

   1          #include"main.h"
*** WARNING C318 IN LINE 10 OF main.h: can't open file 'keyled.h'
   2          
   3          #define uint unsigned int
   4          #define uchar unsigned char
   5          sbit anjian1=P3^0;//jiasu
   6          sbit anjian2=P3^1;//jiansu
   7          sbit dianji=P1^7;
   8          sbit wei=P2^7; //weixuan
   9          sbit duan=P2^6; //duanxuan
  10          
  11          void main()
  12          {
  13   1         while(1)
  14   1         {
  15   2            init(); //chushihua
*** WARNING C206 IN LINE 15 OF MAIN.C: 'init': missing function-prototype
  16   2                key(); //anjian
*** WARNING C206 IN LINE 16 OF MAIN.C: 'key': missing function-prototype
  17   2                led();
*** WARNING C206 IN LINE 17 OF MAIN.C: 'led': missing function-prototype
  18   2                display();//shumaguanxianshi
*** WARNING C206 IN LINE 18 OF MAIN.C: 'display': missing function-prototype
  19   2                qudong();//dianji
*** WARNING C206 IN LINE 19 OF MAIN.C: 'qudong': missing function-prototype
  20   2         }
  21   1      }
  22          
  23          void delayms(uint x)//yanshihanshu
  24          {
  25   1         uint i;
  26   1         while(x--)
  27   1         for(i=0;i<123;i++);
  28   1      }


MODULE INFORMATION:   STATIC OVERLAYABLE
   CODE SIZE        =     47    ----
   CONSTANT SIZE    =   ----    ----
   XDATA SIZE       =   ----    ----
   PDATA SIZE       =   ----    ----
   DATA SIZE        =   ----    ----
   IDATA SIZE       =   ----    ----
   BIT SIZE         =   ----    ----
END OF MODULE INFORMATION.


C51 COMPILATION COMPLETE.  6 WARNING(S),  0 ERROR(S)
